<<<<<<< HEAD
[09:49:19] [main/INFO]: Setting user: Player460
[09:49:21] [Client thread/INFO]: LWJGL Version: 2.9.1
[09:49:30] [Client thread/INFO]: Reloading ResourceManager: Default, FMLFileResourcePack:Forge Mod Loader, FMLFileResourcePack:Minecraft Forge, FMLFileResourcePack:Lets Mod Tutorial
[09:49:31] [Sound Library Loader/INFO]: Sound engine started
[09:49:33] [Client thread/INFO]: Created: 512x256 textures/blocks-atlas
[09:49:33] [Client thread/INFO]: Created: 256x256 textures/items-atlas
[09:49:33] [Client thread/INFO]: Reloading ResourceManager: Default, FMLFileResourcePack:Forge Mod Loader, FMLFileResourcePack:Minecraft Forge, FMLFileResourcePack:Lets Mod Tutorial
[09:49:34] [Client thread/INFO]: Created: 512x256 textures/blocks-atlas
[09:49:34] [Client thread/INFO]: Created: 256x256 textures/items-atlas
[09:49:35] [Sound Library Loader/INFO]: Sound engine started
[09:49:58] [Server thread/INFO]: Starting integrated minecraft server version 1.7.10
[09:49:58] [Server thread/INFO]: Generating keypair
[09:49:59] [Server thread/INFO]: Preparing start region for level 0
[09:50:00] [Server thread/INFO]: Changing view distance to 12, from 10
[09:50:01] [Server thread/INFO]: Player460[local:E:be399b48] logged in with entity id 142 at (-1306.2834642471228, 4.0, 673.2391827570543)
[09:50:01] [Server thread/INFO]: Player460 joined the game
[09:50:41] [Server thread/WARN]: Player460 moved wrongly!
[09:50:55] [Server thread/INFO]: Player460 fell from a high place
[09:50:55] [Client thread/INFO]: [CHAT] Player460 fell from a high place
[09:51:40] [Server thread/INFO]: Player460 has just earned the achievement [Taking Inventory]
[09:51:40] [Client thread/INFO]: [CHAT] Player460 has just earned the achievement [Taking Inventory]
[09:52:08] [Server thread/INFO]: Saving and pausing game...
[09:52:08] [Server thread/INFO]: Saving chunks for level 'New World'/Overworld
[09:52:08] [Server thread/INFO]: Saving chunks for level 'New World'/Nether
[09:52:08] [Server thread/INFO]: Saving chunks for level 'New World'/The End
[09:52:09] [Server thread/INFO]: Stopping server
[09:52:09] [Server thread/INFO]: Saving players
[09:52:09] [Server thread/INFO]: Saving worlds
[09:52:09] [Server thread/INFO]: Saving chunks for level 'New World'/Overworld
[09:52:09] [Server thread/INFO]: Saving chunks for level 'New World'/Nether
[09:52:09] [Server thread/INFO]: Saving chunks for level 'New World'/The End
[09:58:00] [Client thread/INFO]: Stopping!
=======
[08:13:21] [main/INFO]: Logging in with username & password
[08:13:32] [main/INFO]: Setting user: Hirp
[08:13:34] [Client thread/INFO]: LWJGL Version: 2.9.1
[08:13:44] [Client thread/INFO]: Reloading ResourceManager: Default, FMLFileResourcePack:Forge Mod Loader, FMLFileResourcePack:Minecraft Forge, FMLFileResourcePack:Lets Mod Tutorial
[08:13:45] [Sound Library Loader/INFO]: Sound engine started
[08:13:57] [Client thread/INFO]: Created: 512x256 textures/blocks-atlas
[08:13:57] [Client thread/INFO]: Created: 256x256 textures/items-atlas
[08:13:57] [Client thread/INFO]: Reloading ResourceManager: Default, FMLFileResourcePack:Forge Mod Loader, FMLFileResourcePack:Minecraft Forge, FMLFileResourcePack:Lets Mod Tutorial
[08:13:58] [Client thread/INFO]: Created: 256x256 textures/items-atlas
[08:13:58] [Client thread/INFO]: Created: 512x256 textures/blocks-atlas
[08:13:59] [Sound Library Loader/INFO]: Sound engine started
[08:14:09] [Server thread/INFO]: Starting integrated minecraft server version 1.7.10
[08:14:09] [Server thread/INFO]: Generating keypair
[08:14:10] [Server thread/INFO]: Preparing start region for level 0
[08:14:11] [Server thread/INFO]: Changing view distance to 12, from 10
[08:14:11] [Server thread/INFO]: Hirp[local:E:a7d6c80a] logged in with entity id 183 at (41.181258535021605, 6.136676479326527, -300.040834960576)
[08:14:11] [Server thread/INFO]: Hirp joined the game
[08:14:48] [Client thread/INFO]: [CHAT] survival, creative, adventure
[08:14:50] [Server thread/INFO]: [Hirp: Set own game mode to Survival Mode]
[08:14:50] [Client thread/INFO]: [CHAT] Your game mode has been updated
[08:15:20] [Client thread/INFO]: [CHAT] survival, creative, adventure
[08:15:24] [Server thread/INFO]: [Hirp: Set own game mode to Creative Mode]
[08:15:24] [Client thread/INFO]: [CHAT] Your game mode has been updated
[08:15:37] [Server thread/INFO]: [Hirp: Set own game mode to Survival Mode]
[08:15:37] [Client thread/INFO]: [CHAT] Your game mode has been updated
[08:16:12] [Server thread/INFO]: Saving and pausing game...
[08:16:12] [Server thread/INFO]: Saving chunks for level 'New World'/Overworld
[08:16:12] [Server thread/INFO]: Saving chunks for level 'New World'/Nether
[08:16:12] [Server thread/INFO]: Saving chunks for level 'New World'/The End
[08:16:13] [Server thread/INFO]: Stopping server
[08:16:13] [Server thread/INFO]: Saving players
[08:16:13] [Server thread/INFO]: Saving worlds
[08:16:13] [Server thread/INFO]: Saving chunks for level 'New World'/Overworld
[08:16:13] [Server thread/INFO]: Saving chunks for level 'New World'/Nether
[08:16:13] [Server thread/INFO]: Saving chunks for level 'New World'/The End
[08:16:14] [Client thread/INFO]: Stopping!
>>>>>>> 7614fefe34abc74c641637c6e31f6d4fa5f28161
